D:\DOCUMENTS\VISUAL STUDIO 2012\PROJECTS\ENGINE\ENGINE\DEBUG\BOUNDINGRECTANGLE.OBJ
D:\DOCUMENTS\VISUAL STUDIO 2012\PROJECTS\ENGINE\ENGINE\DEBUG\BOUNDINGSPHERE.OBJ
D:\DOCUMENTS\VISUAL STUDIO 2012\PROJECTS\ENGINE\ENGINE\DEBUG\CLIPFILTER.OBJ
D:\DOCUMENTS\VISUAL STUDIO 2012\PROJECTS\ENGINE\ENGINE\DEBUG\D2DDRAWTOOL.OBJ
D:\DOCUMENTS\VISUAL STUDIO 2012\PROJECTS\ENGINE\ENGINE\DEBUG\DRAWTOOL.OBJ
D:\DOCUMENTS\VISUAL STUDIO 2012\PROJECTS\ENGINE\ENGINE\DEBUG\GLOBALFUNCTION.OBJ
D:\DOCUMENTS\VISUAL STUDIO 2012\PROJECTS\ENGINE\ENGINE\DEBUG\INTERSECTIONBLOCK.OBJ
D:\DOCUMENTS\VISUAL STUDIO 2012\PROJECTS\ENGINE\ENGINE\DEBUG\INTERSECTIONSYSTEM.OBJ
D:\DOCUMENTS\VISUAL STUDIO 2012\PROJECTS\ENGINE\ENGINE\DEBUG\MAIN.OBJ
D:\DOCUMENTS\VISUAL STUDIO 2012\PROJECTS\ENGINE\ENGINE\DEBUG\MATRIX3X3.OBJ
D:\DOCUMENTS\VISUAL STUDIO 2012\PROJECTS\ENGINE\ENGINE\DEBUG\MOVABLEANIMATION.OBJ
D:\DOCUMENTS\VISUAL STUDIO 2012\PROJECTS\ENGINE\ENGINE\DEBUG\MOVABLEBOUNDINGIMAGE.OBJ
D:\DOCUMENTS\VISUAL STUDIO 2012\PROJECTS\ENGINE\ENGINE\DEBUG\MYFACTORY.OBJ
D:\DOCUMENTS\VISUAL STUDIO 2012\PROJECTS\ENGINE\ENGINE\DEBUG\PATHANIMATION.OBJ
D:\DOCUMENTS\VISUAL STUDIO 2012\PROJECTS\ENGINE\ENGINE\DEBUG\PTRLIST.OBJ
D:\DOCUMENTS\VISUAL STUDIO 2012\PROJECTS\ENGINE\ENGINE\DEBUG\RECTANGLECLIPFILTER.OBJ
D:\DOCUMENTS\VISUAL STUDIO 2012\PROJECTS\ENGINE\ENGINE\DEBUG\SCALEANIMATION.OBJ
D:\DOCUMENTS\VISUAL STUDIO 2012\PROJECTS\ENGINE\ENGINE\DEBUG\SWAPCHAIN2D.OBJ
D:\DOCUMENTS\VISUAL STUDIO 2012\PROJECTS\ENGINE\ENGINE\DEBUG\TESTWIN.OBJ
D:\DOCUMENTS\VISUAL STUDIO 2012\PROJECTS\ENGINE\ENGINE\DEBUG\VERTEX2D_F.OBJ
D:\DOCUMENTS\VISUAL STUDIO 2012\PROJECTS\ENGINE\ENGINE\DEBUG\ALPHAANIMATION.OBJ
D:\DOCUMENTS\VISUAL STUDIO 2012\PROJECTS\ENGINE\ENGINE\DEBUG\ANIMATION.OBJ
D:\DOCUMENTS\VISUAL STUDIO 2012\PROJECTS\ENGINE\ENGINE\DEBUG\ANIMATIONGROUP.OBJ
D:\DOCUMENTS\VISUAL STUDIO 2012\PROJECTS\ENGINE\ENGINE\DEBUG\BOUNDINGENTITY.OBJ
D:\DOCUMENTS\VISUAL STUDIO 2012\PROJECTS\ENGINE\ENGINE\DEBUG\VC110.PDB
D:\DOCUMENTS\VISUAL STUDIO 2012\PROJECTS\ENGINE\DEBUG\ENGINE.ILK
D:\DOCUMENTS\VISUAL STUDIO 2012\PROJECTS\ENGINE\DEBUG\ENGINE.EXE
D:\DOCUMENTS\VISUAL STUDIO 2012\PROJECTS\ENGINE\DEBUG\ENGINE.PDB
d:\documents\visual studio 2012\Projects\Engine\Engine\Debug\AlphaAnimation.obj
d:\documents\visual studio 2012\Projects\Engine\Engine\Debug\Animation.obj
d:\documents\visual studio 2012\Projects\Engine\Engine\Debug\AnimationGroup.obj
d:\documents\visual studio 2012\Projects\Engine\Engine\Debug\BoundingEntity.obj
d:\documents\visual studio 2012\Projects\Engine\Engine\Debug\BoundingRectangle.obj
d:\documents\visual studio 2012\Projects\Engine\Engine\Debug\BoundingSphere.obj
d:\documents\visual studio 2012\Projects\Engine\Engine\Debug\ClipFilter.obj
d:\documents\visual studio 2012\Projects\Engine\Engine\Debug\D2DDrawTool.obj
d:\documents\visual studio 2012\Projects\Engine\Engine\Debug\DrawTool.obj
d:\documents\visual studio 2012\Projects\Engine\Engine\Debug\GlobalFunction.obj
d:\documents\visual studio 2012\Projects\Engine\Engine\Debug\IntersectionBlock.obj
d:\documents\visual studio 2012\Projects\Engine\Engine\Debug\IntersectionSystem.obj
d:\documents\visual studio 2012\Projects\Engine\Engine\Debug\main.obj
d:\documents\visual studio 2012\Projects\Engine\Engine\Debug\Matrix3x3.obj
d:\documents\visual studio 2012\Projects\Engine\Engine\Debug\MovableAnimation.obj
d:\documents\visual studio 2012\Projects\Engine\Engine\Debug\MovableBoundingImage.obj
d:\documents\visual studio 2012\Projects\Engine\Engine\Debug\MyFactory.obj
d:\documents\visual studio 2012\Projects\Engine\Engine\Debug\PathAnimation.obj
d:\documents\visual studio 2012\Projects\Engine\Engine\Debug\PtrList.obj
d:\documents\visual studio 2012\Projects\Engine\Engine\Debug\RectangleClipFilter.obj
d:\documents\visual studio 2012\Projects\Engine\Engine\Debug\ScaleAnimation.obj
d:\documents\visual studio 2012\Projects\Engine\Engine\Debug\SwapChain2D.obj
d:\documents\visual studio 2012\Projects\Engine\Engine\Debug\TestWin.obj
d:\documents\visual studio 2012\Projects\Engine\Engine\Debug\Vertex2D_F.obj
d:\documents\visual studio 2012\Projects\Engine\Engine\Debug\cl.command.1.tlog
d:\documents\visual studio 2012\Projects\Engine\Engine\Debug\CL.read.1.tlog
d:\documents\visual studio 2012\Projects\Engine\Engine\Debug\CL.write.1.tlog
d:\documents\visual studio 2012\Projects\Engine\Engine\Debug\link-cvtres.read.1.tlog
d:\documents\visual studio 2012\Projects\Engine\Engine\Debug\link-cvtres.write.1.tlog
d:\documents\visual studio 2012\Projects\Engine\Engine\Debug\link-rc.read.1.tlog
d:\documents\visual studio 2012\Projects\Engine\Engine\Debug\link-rc.write.1.tlog
d:\documents\visual studio 2012\Projects\Engine\Engine\Debug\link.command.1.tlog
d:\documents\visual studio 2012\Projects\Engine\Engine\Debug\link.read.1.tlog
d:\documents\visual studio 2012\Projects\Engine\Engine\Debug\link.write.1.tlog
d:\documents\visual studio 2012\Projects\Engine\Engine\Debug\vc110.idb
d:\documents\visual studio 2012\Projects\Engine\Engine\Debug\vc110.pdb
d:\documents\visual studio 2012\Projects\Engine\Debug\Engine.pdb
d:\documents\visual studio 2012\Projects\Engine\Debug\Engine.exe
d:\documents\visual studio 2012\Projects\Engine\Debug\Engine.ilk
